<?xml version="1.0" encoding="UTF-8" ?>
<testsuite tests="5" failures="0" name="CardGameTest" time="0.097" errors="0" skipped="0">
  <properties>
[...]
</properties>
  <testcase classname="CardGameTest" name="testEmptyDrawPile" time="0.019"/>
  <testcase classname="CardGameTest" name="testShuffleDeck" time="0.002"/>
  <testcase classname="CardGameTest" name="testHigherCardWins" time="0.036"/>
  <testcase classname="CardGameTest" name="testSameCards" time="0.04"/>
  <testcase classname="CardGameTest" name="testGetDeckSize" time="0"/>
</testsuite>